17:04:28 **** Clean-only build of configuration Debug for project LCD ****
make clean 
rm -rf  LCD.hex  ./LCD.o ./main.o  sizedummy  LCD.lss  ./LCD.d ./main.d  LCD.elf
 
17:04:28 **** Incremental Build of configuration Debug for project LCD ****
make all 
Building file: ../LCD.c
Invoking: AVR Compiler
avr-gcc -Wall -g2 -gstabs -O0 -fpack-struct -fshort-enums -ffunction-sections -fdata-sections -std=gnu99 -funsigned-char -funsigned-bitfields -mmcu=atmega16 -DF_CPU=1000000UL -MMD -MP -MF"LCD.d" -MT"LCD.d" -c -o "LCD.o" "../LCD.c"
In file included from ../MICRO_setting.h:17,
                 from ../LCD.h:51,
                 from ../LCD.c:8:
c:/winavr-20100110/lib/gcc/../../avr/include/util/delay.h:90:3: warning: #warning "Compiler optimizations disabled; functions from <util/delay.h> won't work as designed"
../LCD.c: In function 'LCD_IntToStr':
../LCD.c:225: warning: implicit declaration of function 'itoa'
Finished building: ../LCD.c
 
Building file: ../main.c
Invoking: AVR Compiler
avr-gcc -Wall -g2 -gstabs -O0 -fpack-struct -fshort-enums -ffunction-sections -fdata-sections -std=gnu99 -funsigned-char -funsigned-bitfields -mmcu=atmega16 -DF_CPU=1000000UL -MMD -MP -MF"main.d" -MT"main.d" -c -o "main.o" "../main.c"
In file included from ../MICRO_setting.h:17,
                 from ../LCD.h:51,
                 from ../main.c:9:
c:/winavr-20100110/lib/gcc/../../avr/include/util/delay.h:90:3: warning: #warning "Compiler optimizations disabled; functions from <util/delay.h> won't work as designed"
Finished building: ../main.c
 
Building target: LCD.elf
Invoking: AVR C Linker
avr-gcc -Wl,-Map,LCD.map -mmcu=atmega16 -o "LCD.elf"  ./LCD.o ./main.o   
Finished building target: LCD.elf
 
Invoking: AVR Create Extended Listing
avr-objdump -h -S LCD.elf  >"LCD.lss"
Finished building: LCD.lss
 
Create Flash image (ihex format)
avr-objcopy -R .eeprom -R .fuse -R .lock -R .signature -O ihex LCD.elf  "LCD.hex"
Finished building: LCD.hex
 
Invoking: Print Size
avr-size --format=avr --mcu=atmega16 LCD.elf
AVR Memory Usage
----------------
Device: atmega16

Program:    8094 bytes (49.4% Full)
(.text + .data + .bootloader)

Data:         30 bytes (2.9% Full)
(.data + .bss + .noinit)


Finished building: sizedummy
 
