01:49:54 **** Incremental Build of configuration Debug for project ADC_lamb ****
make all 
Building file: ../LCD.c
Invoking: AVR Compiler
avr-gcc -Wall -g2 -gstabs -O0 -fpack-struct -fshort-enums -ffunction-sections -fdata-sections -std=gnu99 -funsigned-char -funsigned-bitfields -mmcu=atmega32 -DF_CPU=1000000UL -MMD -MP -MF"LCD.d" -MT"LCD.o" -c -o "LCD.o" "../LCD.c"
In file included from ../MICRO_setting.h:17,
                 from ../LCD.h:51,
                 from ../LCD.c:8:
c:/winavr-20100110/lib/gcc/../../avr/include/util/delay.h:90:3: warning: #warning "Compiler optimizations disabled; functions from <util/delay.h> won't work as designed"
../LCD.c: In function 'LCD_IntToStr':
../LCD.c:225: warning: implicit declaration of function 'itoa'
Finished building: ../LCD.c
 
Building file: ../main.c
Invoking: AVR Compiler
avr-gcc -Wall -g2 -gstabs -O0 -fpack-struct -fshort-enums -ffunction-sections -fdata-sections -std=gnu99 -funsigned-char -funsigned-bitfields -mmcu=atmega32 -DF_CPU=1000000UL -MMD -MP -MF"main.d" -MT"main.o" -c -o "main.o" "../main.c"
In file included from ../MICRO_setting.h:17,
                 from ../ADC.h:17,
                 from ../main.c:8:
c:/winavr-20100110/lib/gcc/../../avr/include/util/delay.h:90:3: warning: #warning "Compiler optimizations disabled; functions from <util/delay.h> won't work as designed"
../main.c: In function 'main':
../main.c:15: warning: unused variable 'value'
Finished building: ../main.c
 
Building target: ADC_lamb.elf
Invoking: AVR C Linker
avr-gcc -Wl,-Map,ADC_lamb.map -mmcu=atmega32 -o "ADC_lamb.elf"  ./ADC.o ./LCD.o ./main.o   
Finished building target: ADC_lamb.elf
 
Invoking: AVR Create Extended Listing
avr-objdump -h -S ADC_lamb.elf  >"ADC_lamb.lss"
Finished building: ADC_lamb.lss
 
Create Flash image (ihex format)
avr-objcopy -R .eeprom -R .fuse -R .lock -R .signature -O ihex ADC_lamb.elf  "ADC_lamb.hex"
Finished building: ADC_lamb.hex
 
Invoking: Print Size
avr-size --format=avr --mcu=atmega32 ADC_lamb.elf
AVR Memory Usage
----------------
Device: atmega32

Program:    7946 bytes (24.2% Full)
(.text + .data + .bootloader)

Data:         22 bytes (1.1% Full)
(.data + .bss + .noinit)


Finished building: sizedummy
 

01:49:55 Build Finished. 0 errors, 4 warnings. (took 858ms)

