19:23:21 **** Incremental Build of configuration Debug for project temp_interuupt ****
make all 
Building file: ../ADC.c
Invoking: AVR Compiler
avr-gcc -Wall -g2 -gstabs -O0 -fpack-struct -fshort-enums -ffunction-sections -fdata-sections -std=gnu99 -funsigned-char -funsigned-bitfields -mmcu=atmega16 -DF_CPU=1000000UL -MMD -MP -MF"ADC.d" -MT"ADC.d" -c -o "ADC.o" "../ADC.c"
In file included from ../MICRO_setting.h:17,
                 from ../ADC.h:17,
                 from ../ADC.c:8:
c:/winavr-20100110/lib/gcc/../../avr/include/util/delay.h:90:3: warning: #warning "Compiler optimizations disabled; functions from <util/delay.h> won't work as designed"
Finished building: ../ADC.c
 
Building file: ../main.c
Invoking: AVR Compiler
avr-gcc -Wall -g2 -gstabs -O0 -fpack-struct -fshort-enums -ffunction-sections -fdata-sections -std=gnu99 -funsigned-char -funsigned-bitfields -mmcu=atmega16 -DF_CPU=1000000UL -MMD -MP -MF"main.d" -MT"main.d" -c -o "main.o" "../main.c"
In file included from ../MICRO_setting.h:17,
                 from ../ADC.h:17,
                 from ../main.c:8:
c:/winavr-20100110/lib/gcc/../../avr/include/util/delay.h:90:3: warning: #warning "Compiler optimizations disabled; functions from <util/delay.h> won't work as designed"
Finished building: ../main.c
 
Building target: temp_interuupt.elf
Invoking: AVR C Linker
avr-gcc -Wl,-Map,temp_interuupt.map -mmcu=atmega16 -o "temp_interuupt.elf"  ./ADC.o ./LCD.o ./main.o   
Finished building target: temp_interuupt.elf
 
Invoking: AVR Create Extended Listing
avr-objdump -h -S temp_interuupt.elf  >"temp_interuupt.lss"
Finished building: temp_interuupt.lss
 
Invoking: Print Size
avr-size --format=avr --mcu=atmega16 temp_interuupt.elf
AVR Memory Usage
----------------
Device: atmega16

Program:    7008 bytes (42.8% Full)
(.text + .data + .bootloader)

Data:        276 bytes (27.0% Full)
(.data + .bss + .noinit)


Finished building: sizedummy
 

19:23:22 Build Finished (took 470ms)

