19:01:20 **** Incremental Build of configuration Debug for project temp ****
make all 
Building file: ../main.c
Invoking: AVR Compiler
avr-gcc -Wall -g2 -gstabs -O0 -fpack-struct -fshort-enums -ffunction-sections -fdata-sections -std=gnu99 -funsigned-char -funsigned-bitfields -mmcu=atmega16 -DF_CPU=1000000UL -MMD -MP -MF"main.d" -MT"main.d" -c -o "main.o" "../main.c"
In file included from ../MICRO_setting.h:17,
                 from ../ADC.h:17,
                 from ../main.c:8:
c:/winavr-20100110/lib/gcc/../../avr/include/util/delay.h:90:3: warning: #warning "Compiler optimizations disabled; functions from <util/delay.h> won't work as designed"
Finished building: ../main.c
 
Building target: temp.elf
Invoking: AVR C Linker
avr-gcc -Wl,-Map,temp.map -mmcu=atmega16 -o "temp.elf"  ./ADC.o ./LCD.o ./main.o   
Finished building target: temp.elf
 
Invoking: AVR Create Extended Listing
avr-objdump -h -S temp.elf  >"temp.lss"
Finished building: temp.lss
 
Invoking: Print Size
avr-size --format=avr --mcu=atmega16 temp.elf
AVR Memory Usage
----------------
Device: atmega16

Program:    6944 bytes (42.4% Full)
(.text + .data + .bootloader)

Data:        272 bytes (26.6% Full)
(.data + .bss + .noinit)


Finished building: sizedummy
 

19:01:20 Build Finished (took 431ms)

