19:58:18 **** Incremental Build of configuration Debug for project UART_M2 ****
make all 
Building file: ../keypad.c
Invoking: AVR Compiler
avr-gcc -Wall -g2 -gstabs -O0 -fpack-struct -fshort-enums -ffunction-sections -fdata-sections -std=gnu99 -funsigned-char -funsigned-bitfields -mmcu=atmega16 -DF_CPU=1000000UL -MMD -MP -MF"keypad.d" -MT"keypad.d" -c -o "keypad.o" "../keypad.c"
In file included from ../MICRO_setting.h:17,
                 from ../keypad.h:18,
                 from ../keypad.c:13:
c:/winavr-20100110/lib/gcc/../../avr/include/util/delay.h:90:3: warning: #warning "Compiler optimizations disabled; functions from <util/delay.h> won't work as designed"
Finished building: ../keypad.c
 
Building target: UART_M2.elf
Invoking: AVR C Linker
avr-gcc -Wl,-Map,UART_M2.map -mmcu=atmega16 -o "UART_M2.elf"  ./keypad.o ./main.o ./uart.o   
Finished building target: UART_M2.elf
 
Invoking: AVR Create Extended Listing
avr-objdump -h -S UART_M2.elf  >"UART_M2.lss"
Finished building: UART_M2.lss
 
Invoking: Print Size
avr-size --format=avr --mcu=atmega16 UART_M2.elf
AVR Memory Usage
----------------
Device: atmega16

Program:    3888 bytes (23.7% Full)
(.text + .data + .bootloader)

Data:          8 bytes (0.8% Full)
(.data + .bss + .noinit)


Finished building: sizedummy
 

19:58:19 Build Finished (took 380ms)

