22:54:50 **** Incremental Build of configuration Debug for project SPI_LCD_M ****
make all 
Building file: ../master.c
Invoking: AVR Compiler
avr-gcc -Wall -g2 -gstabs -O0 -fpack-struct -fshort-enums -ffunction-sections -fdata-sections -std=gnu99 -funsigned-char -funsigned-bitfields -mmcu=atmega16 -DF_CPU=1000000UL -MMD -MP -MF"master.d" -MT"master.d" -c -o "master.o" "../master.c"
In file included from ../MICRO_setting.h:17,
                 from ../SPI.h:10,
                 from ../master.c:9:
c:/winavr-20100110/lib/gcc/../../avr/include/util/delay.h:90:3: warning: #warning "Compiler optimizations disabled; functions from <util/delay.h> won't work as designed"
../master.c: In function 'main':
../master.c:18: warning: implicit declaration of function 'SPI_SendString'
Finished building: ../master.c
 
Building target: SPI_LCD_M.elf
Invoking: AVR C Linker
avr-gcc -Wl,-Map,SPI_LCD_M.map -mmcu=atmega16 -o "SPI_LCD_M.elf"  ./LCD.o ./SPI.o ./master.o   
Finished building target: SPI_LCD_M.elf
 
Invoking: AVR Create Extended Listing
avr-objdump -h -S SPI_LCD_M.elf  >"SPI_LCD_M.lss"
Finished building: SPI_LCD_M.lss
 
Invoking: Print Size
avr-size --format=avr --mcu=atmega16 SPI_LCD_M.elf
AVR Memory Usage
----------------
Device: atmega16

Program:    8490 bytes (51.8% Full)
(.text + .data + .bootloader)

Data:         16 bytes (1.6% Full)
(.data + .bss + .noinit)


Finished building: sizedummy
 

22:54:51 Build Finished (took 390ms)

