22:45:33 **** Incremental Build of configuration Debug for project SPI_SLAVE ****
make all 
Building file: ../SPI.c
Invoking: AVR Compiler
avr-gcc -Wall -g2 -gstabs -O0 -fpack-struct -fshort-enums -ffunction-sections -fdata-sections -std=gnu99 -funsigned-char -funsigned-bitfields -mmcu=atmega16 -DF_CPU=1000000UL -MMD -MP -MF"SPI.d" -MT"SPI.d" -c -o "SPI.o" "../SPI.c"
In file included from ../MICRO_setting.h:17,
                 from ../SPI.h:10,
                 from ../SPI.c:9:
c:/winavr-20100110/lib/gcc/../../avr/include/util/delay.h:90:3: warning: #warning "Compiler optimizations disabled; functions from <util/delay.h> won't work as designed"
Finished building: ../SPI.c
 
Building target: SPI_SLAVE.elf
Invoking: AVR C Linker
avr-gcc -Wl,-Map,SPI_SLAVE.map -mmcu=atmega16 -o "SPI_SLAVE.elf"  ./LCD.o ./SPI.o ./slave.o   
Finished building target: SPI_SLAVE.elf
 
Invoking: AVR Create Extended Listing
avr-objdump -h -S SPI_SLAVE.elf  >"SPI_SLAVE.lss"
Finished building: SPI_SLAVE.lss
 
Invoking: Print Size
avr-size --format=avr --mcu=atmega16 SPI_SLAVE.elf
AVR Memory Usage
----------------
Device: atmega16

Program:    8194 bytes (50.0% Full)
(.text + .data + .bootloader)

Data:          8 bytes (0.8% Full)
(.data + .bss + .noinit)


Finished building: sizedummy
 

22:45:34 Build Finished (took 481ms)

